<?xml version="1.0" encoding="UTF-8"?>
<!-- Generated by org.testng.reporters.JUnitReportReporter -->
<testsuite hostname="RAMYA-S" failures="0" tests="5" name="RMITestScript.LoginScript" time="267.016" errors="0" timestamp="2024-09-17T11:25:56 IST" skipped="0">
  <testcase classname="RMITestScript.LoginScript" name="testValidLogin" time="45.530"/>
  <system-out>
    <![CDATA[Path is valid
Path is valid]]>
  </system-out>
  <testcase classname="RMITestScript.LoginScript" name="testInvalidUsername" time="41.340"/>
  <system-out>
    <![CDATA[Path is valid
Path is valid]]>
  </system-out>
  <testcase classname="RMITestScript.LoginScript" name="testInvalidPassword" time="70.108"/>
  <system-out>
    <![CDATA[Path is valid
Path is valid]]>
  </system-out>
  <testcase classname="RMITestScript.LoginScript" name="testInvalidUserPass" time="70.645"/>
  <system-out>
    <![CDATA[Path is valid
Path is valid]]>
  </system-out>
  <testcase classname="RMITestScript.LoginScript" name="testEmptyUsernameAndPassword" time="39.393"/>
  <system-out>
    <![CDATA[Invalid path
Invalid path]]>
  </system-out>
</testsuite> <!-- RMITestScript.LoginScript -->
