<?xml version="1.0" encoding="UTF-8"?>
<!-- Generated by org.testng.reporters.JUnitReportReporter -->
<testsuite hostname="RAMYA-S" failures="0" tests="1" name="RMITestScript.CredScript" time="21.653" errors="0" timestamp="2024-09-17T11:49:07 IST" skipped="0">
  <testcase classname="RMITestScript.CredScript" name="LoginToApplication" time="21.653"/>
  <system-out>
    <![CDATA[Path is valid]]>
  </system-out>
</testsuite> <!-- RMITestScript.CredScript -->
