<?xml version="1.0" encoding="UTF-8"?>
<!-- Generated by org.testng.reporters.JUnitReportReporter -->
<testsuite hostname="RAMYA-S" failures="0" tests="1" name="RMITestScript.EmailScript" time="99.629" errors="0" timestamp="2024-09-02T17:55:17 IST" skipped="0">
  <testcase classname="RMITestScript.EmailScript" name="EmailVer" time="99.629"/>
  <system-out>
    <![CDATA[Path is valid
Path is valid
Path is valid
Path is valid]]>
  </system-out>
</testsuite> <!-- RMITestScript.EmailScript -->
