<?xml version="1.0" encoding="UTF-8"?>
<!-- Generated by org.testng.reporters.JUnitReportReporter -->
<testsuite hostname="RAMYA-S" failures="0" tests="1" name="RMITestScript.CredentialsScript" time="33.546" errors="0" timestamp="2024-08-27T00:05:03 IST" skipped="0">
  <testcase classname="RMITestScript.CredentialsScript" name="testRegistration" time="33.546"/>
  <system-out/>
</testsuite> <!-- RMITestScript.CredentialsScript -->
