<?xml version="1.0" encoding="UTF-8"?>
<!-- Generated by org.testng.reporters.JUnitReportReporter -->
<testsuite hostname="RAMYA-S" failures="0" tests="1" name="RMITestScript.CCredentails1" time="17.192" errors="0" timestamp="2024-08-29T15:34:34 IST" skipped="0">
  <testcase classname="RMITestScript.CCredentails1" name="testLogin" time="17.192"/>
  <system-out/>
</testsuite> <!-- RMITestScript.CCredentails1 -->
