<?xml version="1.0" encoding="UTF-8"?>
<!-- Generated by org.testng.reporters.JUnitReportReporter -->
<testsuite hostname="RAMYA-S" failures="0" tests="1" name="RMITestScript.ExtractEmailCredentials" time="0.044" errors="0" timestamp="2024-08-29T16:17:00 IST" skipped="0">
  <testcase classname="RMITestScript.ExtractEmailCredentials" name="extract" time="0.044"/>
  <system-out/>
</testsuite> <!-- RMITestScript.ExtractEmailCredentials -->
