<?xml version="1.0" encoding="UTF-8"?>
<!-- Generated by org.testng.reporters.JUnitReportReporter -->
<testsuite hostname="RAMYA-S" failures="0" tests="1" name="RMITestScript.CapturedCredentials" time="17.745" errors="0" timestamp="2024-08-27T00:05:03 IST" skipped="0">
  <testcase classname="RMITestScript.CapturedCredentials" name="testLogin" time="17.745"/>
  <system-out/>
</testsuite> <!-- RMITestScript.CapturedCredentials -->
