<?xml version="1.0" encoding="UTF-8"?>
<!-- Generated by org.testng.reporters.JUnitReportReporter -->
<testsuite hostname="RAMYA-S" failures="0" tests="4" name="RMITestScript.Wallet_Script" time="217.505" errors="0" timestamp="2024-09-20T11:44:01 IST" skipped="0">
  <testcase classname="RMITestScript.Wallet_Script" name="WallRecharge" time="80.235"/>
  <system-out>
    <![CDATA[Path is valid
Path is valid
Path is valid
Path is valid
Path is valid]]>
  </system-out>
  <testcase classname="RMITestScript.Wallet_Script" name="BlankAmount" time="35.333"/>
  <system-out>
    <![CDATA[Path is valid]]>
  </system-out>
  <testcase classname="RMITestScript.Wallet_Script" name="LessAmount" time="34.048"/>
  <system-out>
    <![CDATA[Path is valid]]>
  </system-out>
  <testcase classname="RMITestScript.Wallet_Script" name="DecimalAmount" time="67.889"/>
  <system-out>
    <![CDATA[Path is valid
Path is valid
Path is valid]]>
  </system-out>
</testsuite> <!-- RMITestScript.Wallet_Script -->
